<?xml version="1.0" encoding="UTF-8"?>
<!-- Generated by org.testng.reporters.JUnitXMLReporter -->
<testsuite hostname="IN-MH1DSW101350" name="Test on Chrome" tests="8" failures="0" timestamp="5 Oct 2018 13:39:03 GMT" time="901.551" errors="0">
  <testcase name="verifyCreateBCTRequest" time="106.944" classname="testscripts.cap.CAPSetupBulkCustomerTransferScripts"/>
  <testcase name="verifyBCTWhenSrcAndDestTerritoryIsSame" time="40.717" classname="testscripts.cap.CAPSetupBulkCustomerTransferScripts"/>
  <testcase name="verifyRemoveCustomersFromBCTRequest" time="124.096" classname="testscripts.cap.CAPSetupBulkCustomerTransferScripts"/>
  <testcase name="verifySearchAndPerformBCTRequest" time="75.358" classname="testscripts.cap.CAPSetupBulkCustomerTransferScripts"/>
  <testcase name="verifyAmendBCTRequestScript" time="140.669" classname="testscripts.cap.CAPSearchBulkCustomerTransferScripts"/>
  <testcase name="verifyBCTByChangingDifferentDestinationTerritory" time="141.596" classname="testscripts.cap.CAPSearchBulkCustomerTransferScripts"/>
  <testcase name="verifyBCTByChangingSameDestinationTerritory" time="154.642" classname="testscripts.cap.CAPSearchBulkCustomerTransferScripts"/>
  <testcase name="verifyCancelBCTRequest" time="88.212" classname="testscripts.cap.CAPSearchBulkCustomerTransferScripts"/>
</testsuite> <!-- Test on Chrome -->
