<?xml version="1.0" encoding="UTF-8"?>
<!-- Generated by org.testng.reporters.JUnitXMLReporter -->
<testsuite hostname="IN-MH1DSW101350" name="Test on Internet Explorer" tests="5" failures="0" timestamp="3 Oct 2018 11:13:57 GMT" time="439.276" errors="0">
  <testcase name="Verifying_Loan_Agreement" time="110.255" classname="testscripts.cap.CAPAutomate_Loan_AgreementScripts"/>
  <testcase name="Verifying_2YearsNonPaymentLetter" time="75.159" classname="testscripts.cap.CAPAutomate_2YearsNonPaymentLetterScripts"/>
  <testcase name="Verifying_BalancePartial_SettlementLetter" time="69.708" classname="testscripts.cap.CAPAutomate_BalancePartial_SettlementLetterScripts"/>
  <testcase name="Verifying_RTWLetter_Generation" time="75.732" classname="testscripts.cap.CAPAutomate_Letter_GenerationScripts"/>
  <testcase name="Verifying_Letter_OverpaymentGeneration" time="93.632" classname="testscripts.cap.CAPAutomate_Letter_OverpaymentScripts"/>
</testsuite> <!-- Test on Internet Explorer -->
